0 info it worked if it ends with ok
1 verbose cli [ '/usr/local/Cellar/node/0.8.8/bin/node',
1 verbose cli   '/usr/local/bin/npm',
1 verbose cli   'start' ]
2 info using npm@1.1.59
3 info using node@v0.8.8
4 verbose read json /Users/codatory/Dropbox/slow4u-server/package.json
5 warn package.json Slow4U-Server@0.0.1 No README.md file found!
6 verbose run-script [ 'prestart', 'start', 'poststart' ]
7 info prestart Slow4U-Server@0.0.1
8 info start Slow4U-Server@0.0.1
9 verbose unsafe-perm in lifecycle true
10 silly exec sh "-c" "node server.js"
11 silly sh,-c,node server.js,/Users/codatory/Dropbox/slow4u-server spawning
12 info Slow4U-Server@0.0.1 Failed to exec start script
13 error Slow4U-Server@0.0.1 start: `node server.js`
13 error `sh "-c" "node server.js"` failed with 1
14 error Failed at the Slow4U-Server@0.0.1 start script.
14 error This is most likely a problem with the Slow4U-Server package,
14 error not with npm itself.
14 error Tell the author that this fails on your system:
14 error     node server.js
14 error You can get their info via:
14 error     npm owner ls Slow4U-Server
14 error There is likely additional logging output above.
15 error System Darwin 12.1.0
16 error command "/usr/local/Cellar/node/0.8.8/bin/node" "/usr/local/bin/npm" "start"
17 error cwd /Users/codatory/Dropbox/slow4u-server
18 error node -v v0.8.8
19 error npm -v 1.1.59
20 error code ELIFECYCLE
21 verbose exit [ 1, true ]
